<?xml version="1.0" encoding="UTF-8"?>
<testsuite name="oop.sectionAppendix01.BankAccountTest" tests="1" skipped="0" failures="0" errors="0" timestamp="2021-04-25T02:44:12" hostname="Youngui-MacBookPro.local" time="0.015">
  <properties/>
  <testcase name="canCreateBankAccount()" classname="oop.sectionAppendix01.BankAccountTest" time="0.015"/>
  <system-out><![CDATA[]]></system-out>
  <system-err><![CDATA[]]></system-err>
</testsuite>
